<testsuites id="" name="" tests="1" failures="0" skipped="0" errors="0" time="124.52630400000001">
<testsuite name="burger-menu-interaction.spec.ts" timestamp="2025-11-17T15:13:04.570Z" hostname="chromium" tests="1" failures="0" skipped="0" time="10.448" errors="0">
<testcase name="Burger menu - complete interaction test" classname="burger-menu-interaction.spec.ts" time="10.448">
<system-out>
<![CDATA[✅ All burger menu interactions working correctly!
]]>
</system-out>
</testcase>
</testsuite>
</testsuites>